c:\users\alister\documents\alister hartwell agp\agp-2-agp-sphere-collision\alister hartwell agp unit\debug\model_shaders.cso
c:\users\alister\documents\alister hartwell agp\agp-2-agp-sphere-collision\alister hartwell agp unit\debug\shaders.cso
c:\users\alister\documents\alister hartwell agp\agp-2-agp-sphere-collision\alister hartwell agp unit\debug\vc141.pdb
c:\users\alister\documents\alister hartwell agp\agp-2-agp-sphere-collision\alister hartwell agp unit\debug\vc141.idb
c:\users\alister\documents\alister hartwell agp\agp-2-agp-sphere-collision\alister hartwell agp unit\debug\camera.obj
c:\users\alister\documents\alister hartwell agp\agp-2-agp-sphere-collision\alister hartwell agp unit\debug\main.obj
c:\users\alister\documents\alister hartwell agp\agp-2-agp-sphere-collision\alister hartwell agp unit\debug\model.obj
c:\users\alister\documents\alister hartwell agp\agp-2-agp-sphere-collision\alister hartwell agp unit\debug\objfilemodel.obj
c:\users\alister\documents\alister hartwell agp\agp-2-agp-sphere-collision\alister hartwell agp unit\debug\alister hartwell default project.exe
c:\users\alister\documents\alister hartwell agp\agp-2-agp-sphere-collision\alister hartwell agp unit\debug\alister hartwell default project.ilk
c:\users\alister\documents\alister hartwell agp\agp-2-agp-sphere-collision\alister hartwell agp unit\debug\alister hartwell default project.pdb
c:\users\alister\documents\alister hartwell agp\agp-2-agp-sphere-collision\alister hartwell agp unit\debug\vc140.idb
c:\users\alister\documents\alister hartwell agp\agp-2-agp-sphere-collision\alister hartwell agp unit\debug\vc140.pdb
c:\users\alister\documents\alister hartwell agp\agp-2-agp-sphere-collision\alister hartwell agp unit\debug\alister .6c198c88.tlog\alister hartwell default project.write.1u.tlog
c:\users\alister\documents\alister hartwell agp\agp-2-agp-sphere-collision\alister hartwell agp unit\debug\alister .6c198c88.tlog\cl.command.1.tlog
c:\users\alister\documents\alister hartwell agp\agp-2-agp-sphere-collision\alister hartwell agp unit\debug\alister .6c198c88.tlog\cl.read.1.tlog
c:\users\alister\documents\alister hartwell agp\agp-2-agp-sphere-collision\alister hartwell agp unit\debug\alister .6c198c88.tlog\cl.write.1.tlog
c:\users\alister\documents\alister hartwell agp\agp-2-agp-sphere-collision\alister hartwell agp unit\debug\alister .6c198c88.tlog\fxc.command.1.tlog
c:\users\alister\documents\alister hartwell agp\agp-2-agp-sphere-collision\alister hartwell agp unit\debug\alister .6c198c88.tlog\fxc.read.1.tlog
c:\users\alister\documents\alister hartwell agp\agp-2-agp-sphere-collision\alister hartwell agp unit\debug\alister .6c198c88.tlog\fxc.write.1.tlog
c:\users\alister\documents\alister hartwell agp\agp-2-agp-sphere-collision\alister hartwell agp unit\debug\alister .6c198c88.tlog\link.command.1.tlog
c:\users\alister\documents\alister hartwell agp\agp-2-agp-sphere-collision\alister hartwell agp unit\debug\alister .6c198c88.tlog\link.delete.1.tlog
c:\users\alister\documents\alister hartwell agp\agp-2-agp-sphere-collision\alister hartwell agp unit\debug\alister .6c198c88.tlog\link.read.1.tlog
c:\users\alister\documents\alister hartwell agp\agp-2-agp-sphere-collision\alister hartwell agp unit\debug\alister .6c198c88.tlog\link.write.1.tlog
